15:09:59.495 [AsyncHttpClient-1-2] DEBUG io.netty.handler.codec.compression.Brotli - brotli4j not in the classpath; Brotli support will be unavailable.
15:09:59.563 [main] DEBUG io.netty.util.internal.ThreadLocalRandom - -Dio.netty.initialSeedUniquifier: 0xbdb71e9eb9b5dc3c
15:10:00.796 [main] DEBUG testCases.TC_001_CheckRegistration - Application logs......
15:10:00.796 [main] INFO  testCases.TC_001_CheckRegistration - ***** Starting TC_001_CheckRegistration ******** 
15:10:02.200 [main] INFO  testCases.TC_001_CheckRegistration - Test Execution complete
15:11:41.053 [main] DEBUG io.netty.util.internal.logging.InternalLoggerFactory - Using Log4J2 as the default logging framework
15:11:41.068 [main] DEBUG io.netty.util.ResourceLeakDetector - -Dio.netty.leakDetection.level: simple
15:11:41.068 [main] DEBUG io.netty.util.ResourceLeakDetector - -Dio.netty.leakDetection.targetRecords: 4
15:11:41.072 [main] DEBUG io.netty.util.ResourceLeakDetectorFactory - Loaded default ResourceLeakDetector: io.netty.util.ResourceLeakDetector@5f84abe8
15:11:41.084 [main] DEBUG io.netty.util.internal.PlatformDependent0 - -Dio.netty.noUnsafe: false
15:11:41.084 [main] DEBUG io.netty.util.internal.PlatformDependent0 - Java version: 17
15:11:41.085 [main] DEBUG io.netty.util.internal.PlatformDependent0 - sun.misc.Unsafe.theUnsafe: available
15:11:41.085 [main] DEBUG io.netty.util.internal.PlatformDependent0 - sun.misc.Unsafe.copyMemory: available
15:11:41.085 [main] DEBUG io.netty.util.internal.PlatformDependent0 - sun.misc.Unsafe.storeFence: available
15:11:41.086 [main] DEBUG io.netty.util.internal.PlatformDependent0 - java.nio.Buffer.address: available
15:11:41.086 [main] DEBUG io.netty.util.internal.PlatformDependent0 - direct buffer constructor: unavailable: Reflective setAccessible(true) disabled
15:11:41.086 [main] DEBUG io.netty.util.internal.PlatformDependent0 - java.nio.Bits.unaligned: available, true
15:11:41.087 [main] DEBUG io.netty.util.internal.PlatformDependent0 - jdk.internal.misc.Unsafe.allocateUninitializedArray(int): unavailable: class io.netty.util.internal.PlatformDependent0$7 cannot access class jdk.internal.misc.Unsafe (in module java.base) because module java.base does not export jdk.internal.misc to unnamed module @6477463f
15:11:41.087 [main] DEBUG io.netty.util.internal.PlatformDependent0 - java.nio.DirectByteBuffer.<init>(long, int): unavailable
15:11:41.087 [main] DEBUG io.netty.util.internal.PlatformDependent - sun.misc.Unsafe: available
15:11:41.088 [main] DEBUG io.netty.util.internal.PlatformDependent - maxDirectMemory: 4234149888 bytes (maybe)
15:11:41.088 [main] DEBUG io.netty.util.internal.PlatformDependent - -Dio.netty.tmpdir: C:\Users\gaura\AppData\Local\Temp (java.io.tmpdir)
15:11:41.088 [main] DEBUG io.netty.util.internal.PlatformDependent - -Dio.netty.bitMode: 64 (sun.arch.data.model)
15:11:41.089 [main] DEBUG io.netty.util.internal.PlatformDependent - Platform: Windows
15:11:41.089 [main] DEBUG io.netty.util.internal.PlatformDependent - -Dio.netty.maxDirectMemory: -1 bytes
15:11:41.089 [main] DEBUG io.netty.util.internal.PlatformDependent - -Dio.netty.uninitializedArrayAllocationThreshold: -1
15:11:41.090 [main] DEBUG io.netty.util.internal.CleanerJava9 - java.nio.ByteBuffer.cleaner(): available
15:11:41.090 [main] DEBUG io.netty.util.internal.PlatformDependent - -Dio.netty.noPreferDirect: false
15:11:41.094 [main] DEBUG io.netty.util.internal.PlatformDependent - org.jctools-core.MpscChunkedArrayQueue: available
15:11:41.106 [main] DEBUG io.netty.util.internal.InternalThreadLocalMap - -Dio.netty.threadLocalMap.stringBuilder.initialSize: 1024
15:11:41.106 [main] DEBUG io.netty.util.internal.InternalThreadLocalMap - -Dio.netty.threadLocalMap.stringBuilder.maxSize: 4096
15:11:41.217 [main] DEBUG io.netty.handler.ssl.JdkSslContext - Default protocols (JDK): [TLSv1.3, TLSv1.2] 
15:11:41.217 [main] DEBUG io.netty.handler.ssl.JdkSslContext - Default cipher suites (JDK): [TLS_ECDHE_ECDSA_WITH_AES_256_GCM_SHA384, TLS_ECDHE_ECDSA_WITH_AES_128_GCM_SHA256, TLS_ECDHE_RSA_WITH_AES_128_GCM_SHA256, TLS_ECDHE_RSA_WITH_AES_256_GCM_SHA384, TLS_ECDHE_RSA_WITH_AES_128_CBC_SHA, TLS_ECDHE_RSA_WITH_AES_256_CBC_SHA, TLS_RSA_WITH_AES_128_GCM_SHA256, TLS_RSA_WITH_AES_128_CBC_SHA, TLS_RSA_WITH_AES_256_CBC_SHA, TLS_AES_128_GCM_SHA256, TLS_AES_256_GCM_SHA384]
15:11:41.224 [main] DEBUG io.netty.util.concurrent.GlobalEventExecutor - -Dio.netty.globalEventExecutor.quietPeriodSeconds: 1
15:11:41.233 [main] DEBUG io.netty.channel.MultithreadEventLoopGroup - -Dio.netty.eventLoopThreads: 16
15:11:41.238 [main] DEBUG io.netty.channel.nio.NioEventLoop - -Dio.netty.noKeySetOptimization: false
15:11:41.238 [main] DEBUG io.netty.channel.nio.NioEventLoop - -Dio.netty.selectorAutoRebuildThreshold: 512
15:11:41.278 [main] DEBUG io.netty.buffer.PooledByteBufAllocator - -Dio.netty.allocator.numHeapArenas: 16
15:11:41.278 [main] DEBUG io.netty.buffer.PooledByteBufAllocator - -Dio.netty.allocator.numDirectArenas: 16
15:11:41.279 [main] DEBUG io.netty.buffer.PooledByteBufAllocator - -Dio.netty.allocator.pageSize: 8192
15:11:41.279 [main] DEBUG io.netty.buffer.PooledByteBufAllocator - -Dio.netty.allocator.maxOrder: 9
15:11:41.279 [main] DEBUG io.netty.buffer.PooledByteBufAllocator - -Dio.netty.allocator.chunkSize: 4194304
15:11:41.279 [main] DEBUG io.netty.buffer.PooledByteBufAllocator - -Dio.netty.allocator.smallCacheSize: 256
15:11:41.279 [main] DEBUG io.netty.buffer.PooledByteBufAllocator - -Dio.netty.allocator.normalCacheSize: 64
15:11:41.279 [main] DEBUG io.netty.buffer.PooledByteBufAllocator - -Dio.netty.allocator.maxCachedBufferCapacity: 32768
15:11:41.279 [main] DEBUG io.netty.buffer.PooledByteBufAllocator - -Dio.netty.allocator.cacheTrimInterval: 8192
15:11:41.279 [main] DEBUG io.netty.buffer.PooledByteBufAllocator - -Dio.netty.allocator.cacheTrimIntervalMillis: 0
15:11:41.279 [main] DEBUG io.netty.buffer.PooledByteBufAllocator - -Dio.netty.allocator.useCacheForAllThreads: false
15:11:41.279 [main] DEBUG io.netty.buffer.PooledByteBufAllocator - -Dio.netty.allocator.maxCachedByteBuffersPerChunk: 1023
15:11:41.290 [main] DEBUG io.netty.buffer.ByteBufUtil - -Dio.netty.allocator.type: pooled
15:11:41.290 [main] DEBUG io.netty.buffer.ByteBufUtil - -Dio.netty.threadLocalDirectBufferSize: 0
15:11:41.290 [main] DEBUG io.netty.buffer.ByteBufUtil - -Dio.netty.maxThreadLocalCharBufferSize: 16384
15:11:41.478 [Forwarding newSession on session null to remote] DEBUG io.netty.channel.DefaultChannelId - -Dio.netty.processId: 16200 (auto-detected)
15:11:41.480 [Forwarding newSession on session null to remote] DEBUG io.netty.util.NetUtil - -Djava.net.preferIPv4Stack: false
15:11:41.480 [Forwarding newSession on session null to remote] DEBUG io.netty.util.NetUtil - -Djava.net.preferIPv6Addresses: false
15:11:41.485 [Forwarding newSession on session null to remote] DEBUG io.netty.util.NetUtilInitializations - Loopback interface: lo (Software Loopback Interface 1, 127.0.0.1)
15:11:41.486 [Forwarding newSession on session null to remote] DEBUG io.netty.util.NetUtil - Failed to get SOMAXCONN from sysctl and file \proc\sys\net\core\somaxconn. Default: 200
15:11:41.498 [Forwarding newSession on session null to remote] DEBUG io.netty.channel.DefaultChannelId - -Dio.netty.machineId: c4:23:60:ff:fe:99:70:37 (auto-detected)
15:11:41.538 [AsyncHttpClient-1-2] DEBUG io.netty.buffer.AbstractByteBuf - -Dio.netty.buffer.checkAccessible: true
15:11:41.539 [AsyncHttpClient-1-2] DEBUG io.netty.buffer.AbstractByteBuf - -Dio.netty.buffer.checkBounds: true
15:11:41.539 [AsyncHttpClient-1-2] DEBUG io.netty.util.ResourceLeakDetectorFactory - Loaded default ResourceLeakDetector: io.netty.util.ResourceLeakDetector@200836eb
15:11:41.565 [AsyncHttpClient-1-2] DEBUG io.netty.util.Recycler - -Dio.netty.recycler.maxCapacityPerThread: 4096
15:11:41.565 [AsyncHttpClient-1-2] DEBUG io.netty.util.Recycler - -Dio.netty.recycler.ratio: 8
15:11:41.565 [AsyncHttpClient-1-2] DEBUG io.netty.util.Recycler - -Dio.netty.recycler.chunkSize: 32
15:11:41.565 [AsyncHttpClient-1-2] DEBUG io.netty.util.Recycler - -Dio.netty.recycler.blocking: false
15:11:41.565 [AsyncHttpClient-1-2] DEBUG io.netty.util.Recycler - -Dio.netty.recycler.batchFastThreadLocalOnly: true
15:11:42.164 [AsyncHttpClient-1-2] DEBUG io.netty.handler.codec.compression.Brotli - brotli4j not in the classpath; Brotli support will be unavailable.
15:11:42.234 [main] DEBUG io.netty.util.internal.ThreadLocalRandom - -Dio.netty.initialSeedUniquifier: 0xa2078f669434104c
15:11:43.448 [main] DEBUG testCases.TC_001_CheckRegistration - Application logs......
15:11:43.448 [main] INFO  testCases.TC_001_CheckRegistration - ***** Starting TC_001_CheckRegistration ******** 
15:11:44.872 [main] INFO  testCases.TC_001_CheckRegistration - Test Execution complete
15:14:25.640 [main] INFO  testCases.TC_001_CheckRegistration - ***** Starting TC_001_CheckRegistration ******** 
15:14:27.060 [main] INFO  testCases.TC_001_CheckRegistration - Test Execution complete
15:22:13.418 [main] INFO  testCases.TC_001_CheckRegistration - ***** Starting TC_001_CheckRegistration ******** 
15:22:14.833 [main] INFO  testCases.TC_001_CheckRegistration - Test Execution complete
15:24:00.941 [main] INFO  testCases.TC_001_CheckRegistration - ***** Starting TC_001_CheckRegistration ******** 
15:24:02.344 [main] INFO  testCases.TC_001_CheckRegistration - Test Execution complete
17:44:18.907 [main] INFO  testCases.TC_004_DataDrivenLogin - ****** Starting Data Driven Login Test ************
17:44:21.401 [main] INFO  testCases.TC_004_DataDrivenLogin - ****** Starting Data Driven Login Test ************
17:44:23.184 [main] INFO  testCases.TC_004_DataDrivenLogin - ****** Starting Data Driven Login Test ************
17:44:24.944 [main] INFO  testCases.TC_004_DataDrivenLogin - ****** Starting Data Driven Login Test ************
17:44:27.978 [main] INFO  testCases.TC_004_DataDrivenLogin - ****** Starting Data Driven Login Test ************
17:44:30.177 [main] INFO  testCases.TC_004_DataDrivenLogin - ****** Starting Data Driven Login Test ************
17:44:32.680 [main] INFO  testCases.TC_004_DataDrivenLogin - ****** Starting Data Driven Login Test ************
18:16:01.188 [main] INFO  testCases.TC_004_DataDrivenLogin - ****** Starting Data Driven Login Test ************
18:16:03.430 [main] INFO  testCases.TC_004_DataDrivenLogin - ****** Starting Data Driven Login Test ************
18:16:05.171 [main] INFO  testCases.TC_004_DataDrivenLogin - ****** Starting Data Driven Login Test ************
18:16:06.938 [main] INFO  testCases.TC_004_DataDrivenLogin - ****** Starting Data Driven Login Test ************
18:16:10.163 [main] INFO  testCases.TC_004_DataDrivenLogin - ****** Starting Data Driven Login Test ************
18:16:11.931 [main] INFO  testCases.TC_004_DataDrivenLogin - ****** Starting Data Driven Login Test ************
18:16:14.014 [main] INFO  testCases.TC_004_DataDrivenLogin - ****** Starting Data Driven Login Test ************
18:20:30.062 [main] INFO  testCases.TC_004_DataDrivenLogin - ****** Starting Data Driven Login Test ************
18:20:32.659 [main] INFO  testCases.TC_004_DataDrivenLogin - ****** Starting Data Driven Login Test ************
18:20:34.363 [main] INFO  testCases.TC_004_DataDrivenLogin - ****** Starting Data Driven Login Test ************
18:20:36.225 [main] INFO  testCases.TC_004_DataDrivenLogin - ****** Starting Data Driven Login Test ************
18:20:39.138 [main] INFO  testCases.TC_004_DataDrivenLogin - ****** Starting Data Driven Login Test ************
18:20:40.973 [main] INFO  testCases.TC_004_DataDrivenLogin - ****** Starting Data Driven Login Test ************
18:20:43.364 [main] INFO  testCases.TC_004_DataDrivenLogin - ****** Starting Data Driven Login Test ************
18:28:44.303 [main] INFO  testCases.TC_004_DataDrivenLogin - ****** Starting Data Driven Login Test ************
18:28:46.638 [main] INFO  testCases.TC_004_DataDrivenLogin - ****** Starting Data Driven Login Test ************
18:28:48.053 [main] INFO  testCases.TC_004_DataDrivenLogin - ****** Starting Data Driven Login Test ************
18:28:49.474 [main] INFO  testCases.TC_004_DataDrivenLogin - ****** Starting Data Driven Login Test ************
18:28:51.247 [main] INFO  testCases.TC_004_DataDrivenLogin - ****** Starting Data Driven Login Test ************
18:28:54.424 [main] INFO  testCases.TC_004_DataDrivenLogin - ****** Starting Data Driven Login Test ************
18:28:56.547 [main] INFO  testCases.TC_004_DataDrivenLogin - ****** Starting Data Driven Login Test ************
18:29:41.846 [main] INFO  testCases.TC_004_DataDrivenLogin - ****** Starting Data Driven Login Test ************
18:29:44.293 [main] INFO  testCases.TC_004_DataDrivenLogin - ****** Starting Data Driven Login Test ************
18:29:46.103 [main] INFO  testCases.TC_004_DataDrivenLogin - ****** Starting Data Driven Login Test ************
18:29:48.093 [main] INFO  testCases.TC_004_DataDrivenLogin - ****** Starting Data Driven Login Test ************
18:29:51.121 [main] INFO  testCases.TC_004_DataDrivenLogin - ****** Starting Data Driven Login Test ************
18:29:53.109 [main] INFO  testCases.TC_004_DataDrivenLogin - ****** Starting Data Driven Login Test ************
18:29:53.840 [main] INFO  testCases.TC_004_DataDrivenLogin - ****** Starting Data Driven Login Test ************
18:29:53.867 [main] INFO  testCases.TC_004_DataDrivenLogin - ****** Starting Data Driven Login Test ************
18:31:17.792 [main] INFO  testCases.TC_004_DataDrivenLogin - ****** Starting Data Driven Login Test ************
18:31:20.378 [main] INFO  testCases.TC_004_DataDrivenLogin - ****** Starting Data Driven Login Test ************
18:31:22.089 [main] INFO  testCases.TC_004_DataDrivenLogin - ****** Starting Data Driven Login Test ************
18:31:23.710 [main] INFO  testCases.TC_004_DataDrivenLogin - ****** Starting Data Driven Login Test ************
18:31:26.962 [main] INFO  testCases.TC_004_DataDrivenLogin - ****** Starting Data Driven Login Test ************
18:31:28.723 [main] INFO  testCases.TC_004_DataDrivenLogin - ****** Starting Data Driven Login Test ************
18:31:29.728 [main] INFO  testCases.TC_004_DataDrivenLogin - ****** Starting Data Driven Login Test ************
18:31:29.751 [main] INFO  testCases.TC_004_DataDrivenLogin - ****** Starting Data Driven Login Test ************
18:32:51.002 [main] INFO  testCases.TC_004_DataDrivenLogin - ****** Starting Data Driven Login Test ************
18:32:53.428 [main] INFO  testCases.TC_004_DataDrivenLogin - ****** Starting Data Driven Login Test ************
18:32:55.246 [main] INFO  testCases.TC_004_DataDrivenLogin - ****** Starting Data Driven Login Test ************
18:32:56.997 [main] INFO  testCases.TC_004_DataDrivenLogin - ****** Starting Data Driven Login Test ************
18:33:00.242 [main] INFO  testCases.TC_004_DataDrivenLogin - ****** Starting Data Driven Login Test ************
18:33:02.036 [main] INFO  testCases.TC_004_DataDrivenLogin - ****** Starting Data Driven Login Test ************
18:33:02.904 [main] INFO  testCases.TC_004_DataDrivenLogin - ****** Starting Data Driven Login Test ************
18:37:06.505 [main] INFO  testCases.TC_004_DataDrivenLogin - ****** Starting Data Driven Login Test ************
18:37:09.215 [main] INFO  testCases.TC_004_DataDrivenLogin - ****** Starting Data Driven Login Test ************
18:37:10.924 [main] INFO  testCases.TC_004_DataDrivenLogin - ****** Starting Data Driven Login Test ************
18:37:12.705 [main] INFO  testCases.TC_004_DataDrivenLogin - ****** Starting Data Driven Login Test ************
18:37:15.519 [main] INFO  testCases.TC_004_DataDrivenLogin - ****** Starting Data Driven Login Test ************
18:37:17.101 [main] INFO  testCases.TC_004_DataDrivenLogin - ****** Starting Data Driven Login Test ************
18:37:18.078 [main] INFO  testCases.TC_004_DataDrivenLogin - ****** Starting Data Driven Login Test ************
18:39:33.338 [main] INFO  testCases.TC_004_DataDrivenLogin - ****** Starting Data Driven Login Test ************
18:39:35.794 [main] INFO  testCases.TC_004_DataDrivenLogin - ****** Starting Data Driven Login Test ************
18:39:37.404 [main] INFO  testCases.TC_004_DataDrivenLogin - ****** Starting Data Driven Login Test ************
18:39:39.329 [main] INFO  testCases.TC_004_DataDrivenLogin - ****** Starting Data Driven Login Test ************
18:39:42.574 [main] INFO  testCases.TC_004_DataDrivenLogin - ****** Starting Data Driven Login Test ************
18:39:44.184 [main] INFO  testCases.TC_004_DataDrivenLogin - ****** Starting Data Driven Login Test ************
18:39:45.273 [main] INFO  testCases.TC_004_DataDrivenLogin - ****** Starting Data Driven Login Test ************
18:42:17.604 [main] INFO  testCases.TC_004_DataDrivenLogin - ****** Starting Data Driven Login Test ************
18:42:20.230 [main] INFO  testCases.TC_004_DataDrivenLogin - ****** Starting Data Driven Login Test ************
18:42:21.814 [main] INFO  testCases.TC_004_DataDrivenLogin - ****** Starting Data Driven Login Test ************
18:42:23.587 [main] INFO  testCases.TC_004_DataDrivenLogin - ****** Starting Data Driven Login Test ************
18:42:26.830 [main] INFO  testCases.TC_004_DataDrivenLogin - ****** Starting Data Driven Login Test ************
18:42:28.850 [main] INFO  testCases.TC_004_DataDrivenLogin - ****** Starting Data Driven Login Test ************
18:42:29.932 [main] INFO  testCases.TC_004_DataDrivenLogin - ****** Starting Data Driven Login Test ************
18:43:19.673 [main] INFO  testCases.TC_004_DataDrivenLogin - ****** Starting Data Driven Login Test ************
18:43:22.267 [main] INFO  testCases.TC_004_DataDrivenLogin - ****** Starting Data Driven Login Test ************
18:43:24.035 [main] INFO  testCases.TC_004_DataDrivenLogin - ****** Starting Data Driven Login Test ************
18:43:25.994 [main] INFO  testCases.TC_004_DataDrivenLogin - ****** Starting Data Driven Login Test ************
18:43:28.980 [main] INFO  testCases.TC_004_DataDrivenLogin - ****** Starting Data Driven Login Test ************
18:43:30.772 [main] INFO  testCases.TC_004_DataDrivenLogin - ****** Starting Data Driven Login Test ************
18:43:31.715 [main] INFO  testCases.TC_004_DataDrivenLogin - ****** Starting Data Driven Login Test ************
18:46:10.508 [main] INFO  testCases.TC_004_DataDrivenLogin - ****** Starting Data Driven Login Test ************
18:46:16.244 [main] INFO  testCases.TC_004_DataDrivenLogin - ****** Starting Data Driven Login Test ************
18:46:22.854 [main] INFO  testCases.TC_004_DataDrivenLogin - ****** Starting Data Driven Login Test ************
18:46:28.545 [main] INFO  testCases.TC_004_DataDrivenLogin - ****** Starting Data Driven Login Test ************
18:46:34.535 [main] INFO  testCases.TC_004_DataDrivenLogin - ****** Starting Data Driven Login Test ************
18:46:40.229 [main] INFO  testCases.TC_004_DataDrivenLogin - ****** Starting Data Driven Login Test ************
18:46:45.747 [main] INFO  testCases.TC_004_DataDrivenLogin - ****** Starting Data Driven Login Test ************
18:50:00.080 [main] INFO  testCases.TC_004_DataDrivenLogin - ****** Starting Data Driven Login Test ************
18:50:05.722 [main] INFO  testCases.TC_004_DataDrivenLogin - ****** Starting Data Driven Login Test ************
18:50:12.017 [main] INFO  testCases.TC_004_DataDrivenLogin - ****** Starting Data Driven Login Test ************
18:50:17.667 [main] INFO  testCases.TC_004_DataDrivenLogin - ****** Starting Data Driven Login Test ************
18:50:23.587 [main] INFO  testCases.TC_004_DataDrivenLogin - ****** Starting Data Driven Login Test ************
18:50:29.274 [main] INFO  testCases.TC_004_DataDrivenLogin - ****** Starting Data Driven Login Test ************
18:50:35.370 [main] INFO  testCases.TC_004_DataDrivenLogin - ****** Starting Data Driven Login Test ************
18:50:40.891 [main] INFO  testCases.TC_004_DataDrivenLogin - ****** Starting Data Driven Login Test ************
18:52:16.803 [main] INFO  testCases.TC_004_DataDrivenLogin - ****** Starting Data Driven Login Test ************
18:52:22.319 [main] INFO  testCases.TC_004_DataDrivenLogin - ****** Starting Data Driven Login Test ************
18:52:23.532 [main] INFO  testCases.TC_004_DataDrivenLogin - ****** Starting Data Driven Login Test ************
18:52:24.681 [main] INFO  testCases.TC_004_DataDrivenLogin - ****** Starting Data Driven Login Test ************
18:52:25.839 [main] INFO  testCases.TC_004_DataDrivenLogin - ****** Starting Data Driven Login Test ************
18:52:26.982 [main] INFO  testCases.TC_004_DataDrivenLogin - ****** Starting Data Driven Login Test ************
18:52:28.116 [main] INFO  testCases.TC_004_DataDrivenLogin - ****** Starting Data Driven Login Test ************
18:53:19.268 [main] INFO  testCases.TC_004_DataDrivenLogin - ****** Starting Data Driven Login Test ************
18:53:24.750 [main] INFO  testCases.TC_004_DataDrivenLogin - ****** Starting Data Driven Login Test ************
18:53:25.940 [main] INFO  testCases.TC_004_DataDrivenLogin - ****** Starting Data Driven Login Test ************
18:53:27.135 [main] INFO  testCases.TC_004_DataDrivenLogin - ****** Starting Data Driven Login Test ************
18:53:28.334 [main] INFO  testCases.TC_004_DataDrivenLogin - ****** Starting Data Driven Login Test ************
18:53:29.473 [main] INFO  testCases.TC_004_DataDrivenLogin - ****** Starting Data Driven Login Test ************
18:53:30.623 [main] INFO  testCases.TC_004_DataDrivenLogin - ****** Starting Data Driven Login Test ************
18:57:06.169 [main] INFO  testCases.TC_004_DataDrivenLogin - ****** Starting Data Driven Login Test ************
18:57:11.689 [main] INFO  testCases.TC_004_DataDrivenLogin - ****** Starting Data Driven Login Test ************
18:57:12.916 [main] INFO  testCases.TC_004_DataDrivenLogin - ****** Starting Data Driven Login Test ************
18:57:14.073 [main] INFO  testCases.TC_004_DataDrivenLogin - ****** Starting Data Driven Login Test ************
18:57:15.256 [main] INFO  testCases.TC_004_DataDrivenLogin - ****** Starting Data Driven Login Test ************
18:57:16.409 [main] INFO  testCases.TC_004_DataDrivenLogin - ****** Starting Data Driven Login Test ************
18:57:17.572 [main] INFO  testCases.TC_004_DataDrivenLogin - ****** Starting Data Driven Login Test ************
19:00:06.884 [main] INFO  testCases.TC_004_DataDrivenLogin - ****** Starting Data Driven Login Test ************
19:00:12.452 [main] INFO  testCases.TC_004_DataDrivenLogin - ****** Starting Data Driven Login Test ************
19:00:13.636 [main] INFO  testCases.TC_004_DataDrivenLogin - ****** Starting Data Driven Login Test ************
19:00:14.836 [main] INFO  testCases.TC_004_DataDrivenLogin - ****** Starting Data Driven Login Test ************
19:00:15.988 [main] INFO  testCases.TC_004_DataDrivenLogin - ****** Starting Data Driven Login Test ************
19:00:17.127 [main] INFO  testCases.TC_004_DataDrivenLogin - ****** Starting Data Driven Login Test ************
19:00:18.297 [main] INFO  testCases.TC_004_DataDrivenLogin - ****** Starting Data Driven Login Test ************
19:01:54.640 [main] INFO  testCases.TC_004_DataDrivenLogin - ****** Starting Data Driven Login Test ************
19:02:00.171 [main] INFO  testCases.TC_004_DataDrivenLogin - ****** Starting Data Driven Login Test ************
19:02:01.400 [main] INFO  testCases.TC_004_DataDrivenLogin - ****** Starting Data Driven Login Test ************
19:02:02.612 [main] INFO  testCases.TC_004_DataDrivenLogin - ****** Starting Data Driven Login Test ************
19:02:03.867 [main] INFO  testCases.TC_004_DataDrivenLogin - ****** Starting Data Driven Login Test ************
19:02:05.004 [main] INFO  testCases.TC_004_DataDrivenLogin - ****** Starting Data Driven Login Test ************
19:02:06.207 [main] INFO  testCases.TC_004_DataDrivenLogin - ****** Starting Data Driven Login Test ************
19:16:51.394 [main] INFO  testCases.TC_004_DataDrivenLogin - ****** Starting Data Driven Login Test ************
19:16:52.970 [main] INFO  testCases.TC_004_DataDrivenLogin - ****** Starting Data Driven Login Test ************
19:16:52.990 [main] INFO  testCases.TC_004_DataDrivenLogin - ****** Starting Data Driven Login Test ************
19:16:54.138 [main] INFO  testCases.TC_004_DataDrivenLogin - ****** Starting Data Driven Login Test ************
19:16:55.299 [main] INFO  testCases.TC_004_DataDrivenLogin - ****** Starting Data Driven Login Test ************
19:16:56.450 [main] INFO  testCases.TC_004_DataDrivenLogin - ****** Starting Data Driven Login Test ************
19:16:57.599 [main] INFO  testCases.TC_004_DataDrivenLogin - ****** Starting Data Driven Login Test ************
19:19:46.860 [main] INFO  testCases.TC_004_DataDrivenLogin - ****** Starting Data Driven Login Test ************
19:19:48.380 [main] INFO  testCases.TC_004_DataDrivenLogin - ****** Starting Data Driven Login Test ************
19:19:48.397 [main] INFO  testCases.TC_004_DataDrivenLogin - ****** Starting Data Driven Login Test ************
19:19:49.538 [main] INFO  testCases.TC_004_DataDrivenLogin - ****** Starting Data Driven Login Test ************
19:19:50.668 [main] INFO  testCases.TC_004_DataDrivenLogin - ****** Starting Data Driven Login Test ************
19:19:51.798 [main] INFO  testCases.TC_004_DataDrivenLogin - ****** Starting Data Driven Login Test ************
19:19:52.948 [main] INFO  testCases.TC_004_DataDrivenLogin - ****** Starting Data Driven Login Test ************
19:22:22.194 [main] INFO  testCases.TC_004_DataDrivenLogin - ****** Starting Data Driven Login Test ************
19:22:23.697 [main] INFO  testCases.TC_004_DataDrivenLogin - ****** Starting Data Driven Login Test ************
19:22:23.715 [main] INFO  testCases.TC_004_DataDrivenLogin - ****** Starting Data Driven Login Test ************
19:22:24.897 [main] INFO  testCases.TC_004_DataDrivenLogin - ****** Starting Data Driven Login Test ************
19:22:26.047 [main] INFO  testCases.TC_004_DataDrivenLogin - ****** Starting Data Driven Login Test ************
19:22:27.196 [main] INFO  testCases.TC_004_DataDrivenLogin - ****** Starting Data Driven Login Test ************
19:22:28.369 [main] INFO  testCases.TC_004_DataDrivenLogin - ****** Starting Data Driven Login Test ************
19:25:25.664 [main] INFO  testCases.TC_004_DataDrivenLogin - ****** Starting Data Driven Login Test ************
19:25:42.324 [main] INFO  testCases.TC_004_DataDrivenLogin - ****** Starting Data Driven Login Test ************
19:25:58.999 [main] INFO  testCases.TC_004_DataDrivenLogin - ****** Starting Data Driven Login Test ************
19:26:00.203 [main] INFO  testCases.TC_004_DataDrivenLogin - ****** Starting Data Driven Login Test ************
19:26:01.372 [main] INFO  testCases.TC_004_DataDrivenLogin - ****** Starting Data Driven Login Test ************
19:26:12.264 [main] INFO  testCases.TC_004_DataDrivenLogin - ****** Starting Data Driven Login Test ************
19:26:22.559 [main] INFO  testCases.TC_004_DataDrivenLogin - ****** Starting Data Driven Login Test ************
19:27:18.399 [main] INFO  testCases.TC_004_DataDrivenLogin - ****** Starting Data Driven Login Test ************
19:27:35.059 [main] INFO  testCases.TC_004_DataDrivenLogin - ****** Starting Data Driven Login Test ************
19:27:51.740 [main] INFO  testCases.TC_004_DataDrivenLogin - ****** Starting Data Driven Login Test ************
19:28:08.394 [main] INFO  testCases.TC_004_DataDrivenLogin - ****** Starting Data Driven Login Test ************
19:28:25.086 [main] INFO  testCases.TC_004_DataDrivenLogin - ****** Starting Data Driven Login Test ************
19:28:31.752 [main] INFO  testCases.TC_004_DataDrivenLogin - ****** Starting Data Driven Login Test ************
19:31:38.812 [main] INFO  testCases.TC_004_DataDrivenLogin - ****** Starting Data Driven Login Test ************
19:31:55.561 [main] INFO  testCases.TC_004_DataDrivenLogin - ****** Starting Data Driven Login Test ************
19:32:12.366 [main] INFO  testCases.TC_004_DataDrivenLogin - ****** Starting Data Driven Login Test ************
19:32:23.771 [main] INFO  testCases.TC_004_DataDrivenLogin - ****** Starting Data Driven Login Test ************
19:32:34.087 [main] INFO  testCases.TC_004_DataDrivenLogin - ****** Starting Data Driven Login Test ************
19:32:44.316 [main] INFO  testCases.TC_004_DataDrivenLogin - ****** Starting Data Driven Login Test ************
19:32:54.557 [main] INFO  testCases.TC_004_DataDrivenLogin - ****** Starting Data Driven Login Test ************
19:33:37.741 [main] INFO  testCases.TC_004_DataDrivenLogin - ****** Starting Data Driven Login Test ************
19:33:49.554 [main] INFO  testCases.TC_004_DataDrivenLogin - ****** Starting Data Driven Login Test ************
19:34:00.548 [main] INFO  testCases.TC_004_DataDrivenLogin - ****** Starting Data Driven Login Test ************
19:34:10.876 [main] INFO  testCases.TC_004_DataDrivenLogin - ****** Starting Data Driven Login Test ************
19:34:21.177 [main] INFO  testCases.TC_004_DataDrivenLogin - ****** Starting Data Driven Login Test ************
19:34:31.330 [main] INFO  testCases.TC_004_DataDrivenLogin - ****** Starting Data Driven Login Test ************
19:34:41.521 [main] INFO  testCases.TC_004_DataDrivenLogin - ****** Starting Data Driven Login Test ************
19:37:21.103 [main] INFO  testCases.TC_004_DataDrivenLogin - ****** Starting Data Driven Login Test ************
19:37:32.870 [main] INFO  testCases.TC_004_DataDrivenLogin - ****** Starting Data Driven Login Test ************
19:37:35.571 [main] INFO  testCases.TC_004_DataDrivenLogin - ****** Starting Data Driven Login Test ************
19:37:38.429 [main] INFO  testCases.TC_004_DataDrivenLogin - ****** Starting Data Driven Login Test ************
19:37:48.771 [main] INFO  testCases.TC_004_DataDrivenLogin - ****** Starting Data Driven Login Test ************
19:37:58.786 [main] INFO  testCases.TC_004_DataDrivenLogin - ****** Starting Data Driven Login Test ************
19:38:09.040 [main] INFO  testCases.TC_004_DataDrivenLogin - ****** Starting Data Driven Login Test ************
19:43:36.037 [main] INFO  testCases.TC_004_DataDrivenLogin - ****** Starting Data Driven Login Test ************
19:43:47.810 [main] INFO  testCases.TC_004_DataDrivenLogin - ****** Starting Data Driven Login Test ************
19:43:50.519 [main] INFO  testCases.TC_004_DataDrivenLogin - ****** Starting Data Driven Login Test ************
19:43:53.426 [main] INFO  testCases.TC_004_DataDrivenLogin - ****** Starting Data Driven Login Test ************
19:44:03.820 [main] INFO  testCases.TC_004_DataDrivenLogin - ****** Starting Data Driven Login Test ************
19:44:14.023 [main] INFO  testCases.TC_004_DataDrivenLogin - ****** Starting Data Driven Login Test ************
19:44:24.295 [main] INFO  testCases.TC_004_DataDrivenLogin - ****** Starting Data Driven Login Test ************
19:49:12.474 [main] INFO  testCases.TC_004_DataDrivenLogin - ****** Starting Data Driven Login Test ************
19:49:24.247 [main] INFO  testCases.TC_004_DataDrivenLogin - ****** Starting Data Driven Login Test ************
19:49:27.431 [main] INFO  testCases.TC_004_DataDrivenLogin - ****** Starting Data Driven Login Test ************
19:49:28.614 [main] INFO  testCases.TC_004_DataDrivenLogin - ****** Starting Data Driven Login Test ************
19:49:38.891 [main] INFO  testCases.TC_004_DataDrivenLogin - ****** Starting Data Driven Login Test ************
19:49:49.224 [main] INFO  testCases.TC_004_DataDrivenLogin - ****** Starting Data Driven Login Test ************
19:49:59.502 [main] INFO  testCases.TC_004_DataDrivenLogin - ****** Starting Data Driven Login Test ************
19:56:06.129 [main] INFO  testCases.TC_004_DataDrivenLogin - ****** Starting Data Driven Login Test ************
19:56:08.776 [main] INFO  testCases.TC_004_DataDrivenLogin - ****** Starting Data Driven Login Test ************
19:56:10.728 [main] INFO  testCases.TC_004_DataDrivenLogin - ****** Starting Data Driven Login Test ************
19:56:12.785 [main] INFO  testCases.TC_004_DataDrivenLogin - ****** Starting Data Driven Login Test ************
19:56:16.046 [main] INFO  testCases.TC_004_DataDrivenLogin - ****** Starting Data Driven Login Test ************
19:56:18.270 [main] INFO  testCases.TC_004_DataDrivenLogin - ****** Starting Data Driven Login Test ************
19:56:18.950 [main] INFO  testCases.TC_004_DataDrivenLogin - ****** Starting Data Driven Login Test ************
19:58:06.354 [main] INFO  testCases.TC_004_DataDrivenLogin - ****** Starting Data Driven Login Test ************
19:58:09.099 [main] INFO  testCases.TC_004_DataDrivenLogin - ****** Starting Data Driven Login Test ************
19:58:10.757 [main] INFO  testCases.TC_004_DataDrivenLogin - ****** Starting Data Driven Login Test ************
19:58:12.506 [main] INFO  testCases.TC_004_DataDrivenLogin - ****** Starting Data Driven Login Test ************
19:58:15.508 [main] INFO  testCases.TC_004_DataDrivenLogin - ****** Starting Data Driven Login Test ************
19:58:17.467 [main] INFO  testCases.TC_004_DataDrivenLogin - ****** Starting Data Driven Login Test ************
19:58:19.812 [main] INFO  testCases.TC_004_DataDrivenLogin - ****** Starting Data Driven Login Test ************
19:59:53.598 [main] INFO  testCases.TC_004_DataDrivenLogin - ****** Starting Data Driven Login Test ************
19:59:56.089 [main] INFO  testCases.TC_004_DataDrivenLogin - ****** Starting Data Driven Login Test ************
19:59:58.038 [main] INFO  testCases.TC_004_DataDrivenLogin - ****** Starting Data Driven Login Test ************
19:59:59.708 [main] INFO  testCases.TC_004_DataDrivenLogin - ****** Starting Data Driven Login Test ************
20:00:05.909 [main] INFO  testCases.TC_004_DataDrivenLogin - ****** Starting Data Driven Login Test ************
20:00:08.190 [main] INFO  testCases.TC_004_DataDrivenLogin - ****** Starting Data Driven Login Test ************
20:00:10.125 [main] INFO  testCases.TC_004_DataDrivenLogin - ****** Starting Data Driven Login Test ************
20:02:52.812 [main] INFO  testCases.TC_004_DataDrivenLogin - ****** Starting Data Driven Login Test ************
20:02:55.325 [main] INFO  testCases.TC_004_DataDrivenLogin - ****** Starting Data Driven Login Test ************
20:02:57.251 [main] INFO  testCases.TC_004_DataDrivenLogin - ****** Starting Data Driven Login Test ************
20:02:59.222 [main] INFO  testCases.TC_004_DataDrivenLogin - ****** Starting Data Driven Login Test ************
20:03:02.317 [main] INFO  testCases.TC_004_DataDrivenLogin - ****** Starting Data Driven Login Test ************
20:03:04.584 [main] INFO  testCases.TC_004_DataDrivenLogin - ****** Starting Data Driven Login Test ************
20:03:05.265 [main] INFO  testCases.TC_004_DataDrivenLogin - ****** Starting Data Driven Login Test ************
20:05:07.686 [main] INFO  testCases.TC_004_DataDrivenLogin - ****** Starting Data Driven Login Test ************
20:05:10.909 [main] INFO  testCases.TC_004_DataDrivenLogin - ****** Starting Data Driven Login Test ************
20:05:12.919 [main] INFO  testCases.TC_004_DataDrivenLogin - ****** Starting Data Driven Login Test ************
20:05:13.569 [main] INFO  testCases.TC_004_DataDrivenLogin - ****** Starting Data Driven Login Test ************
20:05:14.751 [main] INFO  testCases.TC_004_DataDrivenLogin - ****** Starting Data Driven Login Test ************
20:05:15.960 [main] INFO  testCases.TC_004_DataDrivenLogin - ****** Starting Data Driven Login Test ************
20:05:17.107 [main] INFO  testCases.TC_004_DataDrivenLogin - ****** Starting Data Driven Login Test ************
20:06:33.857 [main] INFO  testCases.TC_004_DataDrivenLogin - ****** Starting Data Driven Login Test ************
20:06:36.360 [main] INFO  testCases.TC_004_DataDrivenLogin - ****** Starting Data Driven Login Test ************
20:06:38.141 [main] INFO  testCases.TC_004_DataDrivenLogin - ****** Starting Data Driven Login Test ************
20:06:40.389 [main] INFO  testCases.TC_004_DataDrivenLogin - ****** Starting Data Driven Login Test ************
20:06:43.611 [main] INFO  testCases.TC_004_DataDrivenLogin - ****** Starting Data Driven Login Test ************
20:06:45.283 [main] INFO  testCases.TC_004_DataDrivenLogin - ****** Starting Data Driven Login Test ************
20:06:47.153 [main] INFO  testCases.TC_004_DataDrivenLogin - ****** Starting Data Driven Login Test ************
20:10:24.912 [main] INFO  testCases.TC_004_DataDrivenLogin - ****** Starting Data Driven Login Test ************
20:10:27.546 [main] INFO  testCases.TC_004_DataDrivenLogin - ****** Starting Data Driven Login Test ************
20:10:29.064 [main] INFO  testCases.TC_004_DataDrivenLogin - ****** Starting Data Driven Login Test ************
20:10:30.756 [main] INFO  testCases.TC_004_DataDrivenLogin - ****** Starting Data Driven Login Test ************
20:10:33.989 [main] INFO  testCases.TC_004_DataDrivenLogin - ****** Starting Data Driven Login Test ************
20:10:36.179 [main] INFO  testCases.TC_004_DataDrivenLogin - ****** Starting Data Driven Login Test ************
20:10:39.004 [main] INFO  testCases.TC_004_DataDrivenLogin - ****** Starting Data Driven Login Test ************
20:12:38.554 [main] INFO  testCases.TC_004_DataDrivenLogin - ****** Starting Data Driven Login Test ************
20:12:41.295 [main] INFO  testCases.TC_004_DataDrivenLogin - ****** Starting Data Driven Login Test ************
20:12:43.044 [main] INFO  testCases.TC_004_DataDrivenLogin - ****** Starting Data Driven Login Test ************
20:12:45.062 [main] INFO  testCases.TC_004_DataDrivenLogin - ****** Starting Data Driven Login Test ************
20:12:47.668 [main] INFO  testCases.TC_004_DataDrivenLogin - ****** Starting Data Driven Login Test ************
20:12:49.493 [main] INFO  testCases.TC_004_DataDrivenLogin - ****** Starting Data Driven Login Test ************
20:12:51.439 [main] INFO  testCases.TC_004_DataDrivenLogin - ****** Starting Data Driven Login Test ************
20:15:19.278 [main] INFO  testCases.TC_004_DataDrivenLogin - ****** Starting Data Driven Login Test ************
20:15:21.855 [main] INFO  testCases.TC_004_DataDrivenLogin - ****** Starting Data Driven Login Test ************
20:15:23.519 [main] INFO  testCases.TC_004_DataDrivenLogin - ****** Starting Data Driven Login Test ************
20:15:25.174 [main] INFO  testCases.TC_004_DataDrivenLogin - ****** Starting Data Driven Login Test ************
20:15:27.936 [main] INFO  testCases.TC_004_DataDrivenLogin - ****** Starting Data Driven Login Test ************
20:15:29.730 [main] INFO  testCases.TC_004_DataDrivenLogin - ****** Starting Data Driven Login Test ************
20:15:31.838 [main] INFO  testCases.TC_004_DataDrivenLogin - ****** Starting Data Driven Login Test ************
20:20:47.560 [main] INFO  testCases.TC_004_DataDrivenLogin - ****** Starting Data Driven Login Test ************
20:20:50.145 [main] INFO  testCases.TC_004_DataDrivenLogin - ****** Starting Data Driven Login Test ************
20:20:51.895 [main] INFO  testCases.TC_004_DataDrivenLogin - ****** Starting Data Driven Login Test ************
20:20:53.690 [main] INFO  testCases.TC_004_DataDrivenLogin - ****** Starting Data Driven Login Test ************
20:20:56.705 [main] INFO  testCases.TC_004_DataDrivenLogin - ****** Starting Data Driven Login Test ************
20:20:58.610 [main] INFO  testCases.TC_004_DataDrivenLogin - ****** Starting Data Driven Login Test ************
20:21:00.481 [main] INFO  testCases.TC_004_DataDrivenLogin - ****** Starting Data Driven Login Test ************
20:30:45.303 [main] INFO  testCases.TC_001_CheckRegistration - ***** Starting TC_001_CheckRegistration ******** 
20:30:46.710 [main] ERROR testCases.TC_001_CheckRegistration - Test failed
20:30:46.712 [main] INFO  testCases.TC_001_CheckRegistration - Test Execution complete
20:31:17.911 [main] INFO  testCases.TC_001_CheckRegistration - ***** Starting TC_001_CheckRegistration ******** 
20:31:19.334 [main] ERROR testCases.TC_001_CheckRegistration - Test failed
20:31:19.336 [main] INFO  testCases.TC_001_CheckRegistration - Test Execution complete
20:32:33.144 [main] INFO  testCases.TC_001_CheckRegistration - ***** Starting TC_001_CheckRegistration ******** 
20:32:34.553 [main] ERROR testCases.TC_001_CheckRegistration - Test failed
20:32:34.556 [main] INFO  testCases.TC_001_CheckRegistration - Test Execution complete
20:35:05.609 [main] INFO  testCases.TC_001_CheckRegistration - ***** Starting TC_001_CheckRegistration ******** 
20:35:07.037 [main] ERROR testCases.TC_001_CheckRegistration - Test failed
20:35:07.039 [main] INFO  testCases.TC_001_CheckRegistration - Test Execution complete
20:36:37.296 [main] INFO  testCases.TC_001_CheckRegistration - ***** Starting TC_001_CheckRegistration ******** 
20:36:38.707 [main] ERROR testCases.TC_001_CheckRegistration - Test failed
20:36:38.709 [main] INFO  testCases.TC_001_CheckRegistration - Test Execution complete
20:37:29.756 [main] INFO  testCases.TC_001_CheckRegistration - ***** Starting TC_001_CheckRegistration ******** 
20:37:31.171 [main] INFO  testCases.TC_001_CheckRegistration - Test Execution complete
20:39:53.287 [main] INFO  testCases.TC_001_CheckRegistration - ***** Starting TC_001_CheckRegistration ******** 
20:39:54.690 [main] INFO  testCases.TC_001_CheckRegistration - Test Execution complete
20:40:34.749 [main] INFO  testCases.TC_004_DataDrivenLogin - ****** Starting Data Driven Login Test ************
20:40:36.799 [main] INFO  testCases.TC_004_DataDrivenLogin - ****** Starting Data Driven Login Test ************
20:40:38.283 [main] INFO  testCases.TC_004_DataDrivenLogin - ****** Starting Data Driven Login Test ************
20:40:39.851 [main] INFO  testCases.TC_004_DataDrivenLogin - ****** Starting Data Driven Login Test ************
20:40:41.174 [main] INFO  testCases.TC_004_DataDrivenLogin - ****** Starting Data Driven Login Test ************
20:40:43.239 [main] INFO  testCases.TC_004_DataDrivenLogin - ****** Starting Data Driven Login Test ************
20:40:45.136 [main] INFO  testCases.TC_004_DataDrivenLogin - ****** Starting Data Driven Login Test ************
20:58:04.517 [main] INFO  testCases.TC_004_DataDrivenLogin - ****** Starting Data Driven Login Test ************
20:58:06.563 [main] INFO  testCases.TC_004_DataDrivenLogin - ****** Starting Data Driven Login Test ************
20:58:07.973 [main] INFO  testCases.TC_004_DataDrivenLogin - ****** Starting Data Driven Login Test ************
20:58:09.508 [main] INFO  testCases.TC_004_DataDrivenLogin - ****** Starting Data Driven Login Test ************
20:58:10.738 [main] INFO  testCases.TC_004_DataDrivenLogin - ****** Starting Data Driven Login Test ************
20:58:13.301 [main] INFO  testCases.TC_004_DataDrivenLogin - ****** Starting Data Driven Login Test ************
20:58:14.810 [main] INFO  testCases.TC_004_DataDrivenLogin - ****** Starting Data Driven Login Test ************
21:07:06.685 [main] INFO  testCases.TC_004a_DataDrivenLogin2 - ****** Starting Data Driven Login Test ************
21:07:08.770 [main] INFO  testCases.TC_004a_DataDrivenLogin2 - ****** Starting Data Driven Login Test ************
21:07:10.025 [main] INFO  testCases.TC_004a_DataDrivenLogin2 - ****** Starting Data Driven Login Test ************
21:07:11.567 [main] INFO  testCases.TC_004a_DataDrivenLogin2 - ****** Starting Data Driven Login Test ************
21:07:13.171 [main] INFO  testCases.TC_004a_DataDrivenLogin2 - ****** Starting Data Driven Login Test ************
21:07:15.562 [main] INFO  testCases.TC_004a_DataDrivenLogin2 - ****** Starting Data Driven Login Test ************
21:07:17.123 [main] INFO  testCases.TC_004a_DataDrivenLogin2 - ****** Starting Data Driven Login Test ************
21:19:05.129 [main] INFO  testCases.TC_004a_DataDrivenLogin2 - ****** Starting Data Driven Login Test ************
21:19:07.383 [main] INFO  testCases.TC_004a_DataDrivenLogin2 - ****** Starting Data Driven Login Test ************
21:19:08.853 [main] INFO  testCases.TC_004a_DataDrivenLogin2 - ****** Starting Data Driven Login Test ************
21:19:10.198 [main] INFO  testCases.TC_004a_DataDrivenLogin2 - ****** Starting Data Driven Login Test ************
21:19:11.713 [main] INFO  testCases.TC_004a_DataDrivenLogin2 - ****** Starting Data Driven Login Test ************
21:19:13.851 [main] INFO  testCases.TC_004a_DataDrivenLogin2 - ****** Starting Data Driven Login Test ************
21:19:15.919 [main] INFO  testCases.TC_004a_DataDrivenLogin2 - ****** Starting Data Driven Login Test ************
21:21:58.952 [main] INFO  testCases.TC_004a_DataDrivenLogin2 - ****** Starting Data Driven Login Test ************
21:22:01.158 [main] INFO  testCases.TC_004a_DataDrivenLogin2 - ****** Starting Data Driven Login Test ************
21:22:02.643 [main] INFO  testCases.TC_004a_DataDrivenLogin2 - ****** Starting Data Driven Login Test ************
21:22:04.357 [main] INFO  testCases.TC_004a_DataDrivenLogin2 - ****** Starting Data Driven Login Test ************
21:22:06.490 [main] INFO  testCases.TC_004a_DataDrivenLogin2 - ****** Starting Data Driven Login Test ************
21:22:08.840 [main] INFO  testCases.TC_004a_DataDrivenLogin2 - ****** Starting Data Driven Login Test ************
21:22:10.039 [main] INFO  testCases.TC_004a_DataDrivenLogin2 - ****** Starting Data Driven Login Test ************
21:23:45.926 [main] INFO  testCases.TC_004a_DataDrivenLogin2 - ****** Starting Data Driven Login Test ************
21:23:48.422 [main] INFO  testCases.TC_004a_DataDrivenLogin2 - ****** Starting Data Driven Login Test ************
21:23:49.913 [main] INFO  testCases.TC_004a_DataDrivenLogin2 - ****** Starting Data Driven Login Test ************
21:23:51.682 [main] INFO  testCases.TC_004a_DataDrivenLogin2 - ****** Starting Data Driven Login Test ************
21:23:54.146 [main] INFO  testCases.TC_004a_DataDrivenLogin2 - ****** Starting Data Driven Login Test ************
21:23:56.284 [main] INFO  testCases.TC_004a_DataDrivenLogin2 - ****** Starting Data Driven Login Test ************
21:23:58.154 [main] INFO  testCases.TC_004a_DataDrivenLogin2 - ****** Starting Data Driven Login Test ************
21:28:13.598 [main] INFO  testCases.TC_004a_DataDrivenLogin2 - ****** Starting Data Driven Login Test ************
21:28:15.793 [main] INFO  testCases.TC_004a_DataDrivenLogin2 - ****** Starting Data Driven Login Test ************
21:28:17.247 [main] INFO  testCases.TC_004a_DataDrivenLogin2 - ****** Starting Data Driven Login Test ************
21:28:18.841 [main] INFO  testCases.TC_004a_DataDrivenLogin2 - ****** Starting Data Driven Login Test ************
21:28:20.429 [main] INFO  testCases.TC_004a_DataDrivenLogin2 - ****** Starting Data Driven Login Test ************
21:28:23.088 [main] INFO  testCases.TC_004a_DataDrivenLogin2 - ****** Starting Data Driven Login Test ************
21:28:24.835 [main] INFO  testCases.TC_004a_DataDrivenLogin2 - ****** Starting Data Driven Login Test ************
21:29:49.897 [main] INFO  testCases.TC_004a_DataDrivenLogin2 - ****** Starting Data Driven Login Test ************
21:29:51.984 [main] INFO  testCases.TC_004a_DataDrivenLogin2 - ****** Starting Data Driven Login Test ************
21:29:53.502 [main] INFO  testCases.TC_004a_DataDrivenLogin2 - ****** Starting Data Driven Login Test ************
21:29:55.055 [main] INFO  testCases.TC_004a_DataDrivenLogin2 - ****** Starting Data Driven Login Test ************
21:29:55.975 [main] INFO  testCases.TC_004a_DataDrivenLogin2 - ****** Starting Data Driven Login Test ************
21:29:57.191 [main] INFO  testCases.TC_004a_DataDrivenLogin2 - ****** Starting Data Driven Login Test ************
21:29:57.201 [main] INFO  testCases.TC_004a_DataDrivenLogin2 - ****** Starting Data Driven Login Test ************
21:31:15.351 [main] INFO  testCases.TC_004a_DataDrivenLogin2 - ****** Starting Data Driven Login Test ************
21:31:17.989 [main] INFO  testCases.TC_004a_DataDrivenLogin2 - ****** Starting Data Driven Login Test ************
21:31:19.574 [main] INFO  testCases.TC_004a_DataDrivenLogin2 - ****** Starting Data Driven Login Test ************
21:31:21.090 [main] INFO  testCases.TC_004a_DataDrivenLogin2 - ****** Starting Data Driven Login Test ************
21:31:22.655 [main] INFO  testCases.TC_004a_DataDrivenLogin2 - ****** Starting Data Driven Login Test ************
21:31:26.082 [main] INFO  testCases.TC_004a_DataDrivenLogin2 - ****** Starting Data Driven Login Test ************
21:31:28.936 [main] INFO  testCases.TC_004a_DataDrivenLogin2 - ****** Starting Data Driven Login Test ************
21:33:15.186 [main] INFO  testCases.TC_004a_DataDrivenLogin2 - ****** Starting Data Driven Login Test ************
21:33:17.349 [main] INFO  testCases.TC_004a_DataDrivenLogin2 - ****** Starting Data Driven Login Test ************
21:33:18.899 [main] INFO  testCases.TC_004a_DataDrivenLogin2 - ****** Starting Data Driven Login Test ************
21:33:20.356 [main] INFO  testCases.TC_004a_DataDrivenLogin2 - ****** Starting Data Driven Login Test ************
21:33:21.378 [main] INFO  testCases.TC_004a_DataDrivenLogin2 - ****** Starting Data Driven Login Test ************
21:33:23.722 [main] INFO  testCases.TC_004a_DataDrivenLogin2 - ****** Starting Data Driven Login Test ************
21:33:25.570 [main] INFO  testCases.TC_004a_DataDrivenLogin2 - ****** Starting Data Driven Login Test ************
21:35:40.000 [main] INFO  testCases.TC_004a_DataDrivenLogin2 - ****** Starting Data Driven Login Test ************
